{"isAuthenticated":false,"level":"error","message":"An error log","method":"GET","service":"user-service","timestamp":"2024-06-24T10:31:51.656Z"}
{"isAuthenticated":false,"level":"error","message":"An error log from child logger","method":"GET","service":"user-service","timestamp":"2024-06-24T10:31:51.657Z"}
{
  service: 'user-service',
  method: 'GET',
  isAuthenticated: false,
  level: 'error',
  message: 'An error log',
  timestamp: '2024-06-24T11:34:42.131Z'
}
{
  method: 'GET',
  isAuthenticated: false,
  message: 'An error log from child logger',
  level: 'error',
  service: 'user-service',
  timestamp: '2024-06-24T11:34:42.133Z'
}
{
  service: 'user-service',
  method: 'GET',
  isAuthenticated: false,
  level: 'error',
  message: 'An error log',
  timestamp: '2024-06-24T12:06:28.549Z'
}
{
  method: 'GET',
  isAuthenticated: false,
  message: 'An error log from child logger',
  level: 'error',
  service: 'user-service',
  timestamp: '2024-06-24T12:06:28.552Z'
}
{
  service: 'user-service',
  method: 'GET',
  isAuthenticated: false,
  level: 'error',
  message: 'An error log',
  timestamp: '2024-06-24T12:07:05.564Z'
}
{
  method: 'GET',
  isAuthenticated: false,
  message: 'An error log from child logger',
  level: 'error',
  service: 'user-service',
  timestamp: '2024-06-24T12:07:05.566Z'
}
{
  service: 'user-service',
  method: 'GET',
  isAuthenticated: false,
  level: 'error',
  message: 'An error log',
  timestamp: '2024-06-24T12:08:07.711Z'
}
{
  method: 'GET',
  isAuthenticated: false,
  message: 'An error log from child logger',
  level: 'error',
  service: 'user-service',
  timestamp: '2024-06-24T12:08:07.714Z'
}
{
  method: 'GET',
  isAuthenticated: false,
  message: 'An error log from child logger',
  level: 'error',
  service: 'user-service',
  timestamp: '2024-06-24T12:08:45.297Z'
}
{
  method: 'GET',
  isAuthenticated: false,
  message: 'An error log from child logger',
  level: 'error',
  service: 'user-service',
  timestamp: '2024-06-24T12:08:50.347Z'
}
{
  method: 'GET',
  isAuthenticated: false,
  service: 'user-service',
  level: 'error',
  message: 'An error log from child logger 504 Gateway Error',
  stack: 'Error: 504 Gateway Error\n' +
    '    at Object.<anonymous> (D:\\JSE Projects\\Node Js\\Authorization\\index.js:35:3)\n' +
    '    at Module._compile (node:internal/modules/cjs/loader:1376:14)\n' +
    '    at Module._extensions..js (node:internal/modules/cjs/loader:1435:10)\n' +
    '    at Module.load (node:internal/modules/cjs/loader:1207:32)\n' +
    '    at Module._load (node:internal/modules/cjs/loader:1023:12)\n' +
    '    at Function.executeUserEntryPoint [as runMain] (node:internal/modules/run_main:135:12)\n' +
    '    at node:internal/main/run_main_module:28:49',
  timestamp: '2024-06-24T12:09:07.983Z'
}
{
  method: 'GET',
  isAuthenticated: false,
  service: 'user-service',
  level: 'error',
  message: 'An error log from child logger 504 Gateway Error',
  stack: 'Error: 504 Gateway Error\n' +
    '    at Object.<anonymous> (D:\\JSE Projects\\Node Js\\Authorization\\index.js:35:3)\n' +
    '    at Module._compile (node:internal/modules/cjs/loader:1376:14)\n' +
    '    at Module._extensions..js (node:internal/modules/cjs/loader:1435:10)\n' +
    '    at Module.load (node:internal/modules/cjs/loader:1207:32)\n' +
    '    at Module._load (node:internal/modules/cjs/loader:1023:12)\n' +
    '    at Function.executeUserEntryPoint [as runMain] (node:internal/modules/run_main:135:12)\n' +
    '    at node:internal/main/run_main_module:28:49',
  timestamp: '2024-06-24T12:14:34.883Z'
}
{
  method: 'GET',
  isAuthenticated: false,
  service: 'user-service',
  level: 'error',
  message: 'An error log from child logger 504 Gateway Error',
  stack: 'Error: 504 Gateway Error\n' +
    '    at Object.<anonymous> (D:\\JSE Projects\\Node Js\\Authorization\\index.js:35:3)\n' +
    '    at Module._compile (node:internal/modules/cjs/loader:1376:14)\n' +
    '    at Module._extensions..js (node:internal/modules/cjs/loader:1435:10)\n' +
    '    at Module.load (node:internal/modules/cjs/loader:1207:32)\n' +
    '    at Module._load (node:internal/modules/cjs/loader:1023:12)\n' +
    '    at Function.executeUserEntryPoint [as runMain] (node:internal/modules/run_main:135:12)\n' +
    '    at node:internal/main/run_main_module:28:49',
  timestamp: '2024-06-24T12:16:18.461Z'
}
